<?xml version="1.0" encoding="UTF-8"?>
<!-- Generated by org.testng.reporters.JUnitXMLReporter -->
<testsuite hostname="MLDCSRGEOD01-VM" ignored="0" name="cosacProject Chrome Test" tests="2" failures="0" timestamp="04 Mar 2020 09:59:45 GMT" time="16.067" errors="0">
  <testcase name="location" time="2.484" classname="com.cosac.TestCases.COS01_LocationCreation"/>
  <testcase name="createLocationForm" time="6.273" classname="com.cosac.TestCases.COS01_LocationCreation"/>
</testsuite> <!-- cosacProject Chrome Test -->
