<?xml version="1.0" encoding="UTF-8"?>
<!-- Generated by org.testng.reporters.JUnitXMLReporter -->
<testsuite hostname="MLDCSRGEOD01-VM" ignored="0" name="cosacProject Chrome Test1" tests="2" failures="0" timestamp="04 Mar 2020 10:02:41 GMT" time="11.442" errors="0">
  <testcase name="location" time="5.205" classname="com.cosac.TestCases.COS10_SparePartsProductCreation"/>
  <testcase name="createLocationForm" time="0.002" classname="com.cosac.TestCases.COS10_SparePartsProductCreation"/>
</testsuite> <!-- cosacProject Chrome Test1 -->
