<?xml version="1.0" encoding="UTF-8"?>
<testng-results skipped="0" failed="0" ignored="0" total="2" passed="2">
  <reporter-output>
  </reporter-output>
  <suite name="COSAC" duration-ms="11442" started-at="2020-03-04T10:02:30Z" finished-at="2020-03-04T10:02:41Z">
    <groups>
    </groups>
    <test name="cosacProject Chrome Test1" duration-ms="11442" started-at="2020-03-04T10:02:30Z" finished-at="2020-03-04T10:02:41Z">
      <class name="com.cosac.TestCases.COS10_SparePartsProductCreation">
        <test-method status="PASS" signature="launchChrome(java.lang.String)[pri:0, instance:com.cosac.TestCases.COS10_SparePartsProductCreation@2b6856dd]" name="launchChrome" is-config="true" duration-ms="5528" started-at="2020-03-04T10:02:30Z" finished-at="2020-03-04T10:02:36Z">
          <params>
            <param index="0">
              <value>
                <![CDATA[chrome]]>
              </value>
            </param>
          </params>
          <reporter-output>
          </reporter-output>
        </test-method> <!-- launchChrome -->
        <test-method status="PASS" signature="location()[pri:0, instance:com.cosac.TestCases.COS10_SparePartsProductCreation@2b6856dd]" name="location" duration-ms="5205" started-at="2020-03-04T10:02:36Z" finished-at="2020-03-04T10:02:41Z">
          <reporter-output>
          </reporter-output>
        </test-method> <!-- location -->
        <test-method status="PASS" signature="createLocationForm()[pri:0, instance:com.cosac.TestCases.COS10_SparePartsProductCreation@2b6856dd]" name="createLocationForm" duration-ms="2" started-at="2020-03-04T10:02:41Z" depends-on-methods="com.cosac.TestCases.COS10_SparePartsProductCreation.location" finished-at="2020-03-04T10:02:41Z">
          <reporter-output>
          </reporter-output>
        </test-method> <!-- createLocationForm -->
        <test-method status="PASS" signature="close()[pri:0, instance:com.cosac.TestCases.COS10_SparePartsProductCreation@2b6856dd]" name="close" is-config="true" duration-ms="671" started-at="2020-03-04T10:02:41Z" finished-at="2020-03-04T10:02:41Z">
          <reporter-output>
          </reporter-output>
        </test-method> <!-- close -->
      </class> <!-- com.cosac.TestCases.COS10_SparePartsProductCreation -->
    </test> <!-- cosacProject Chrome Test1 -->
  </suite> <!-- COSAC -->
</testng-results>
